<?xml version="1.0" encoding="UTF-8"?>
<!-- Generated by org.testng.reporters.JUnitReportReporter -->
<testsuite skipped="0" hostname="hp640-i7-16-1-w10x64" name="Table" tests="1" failures="0" timestamp="2020-07-06T22:28:07 IST" time="13.234" errors="0">
  <testcase name="TableFeature" time="13.234" classname="Table"/>
</testsuite> <!-- Table -->
