<?xml version="1.0" encoding="UTF-8"?>
<!-- Generated by org.testng.reporters.JUnitReportReporter -->
<testsuite skipped="0" hostname="hp640-i7-16-1-w10x64" name="Edit" tests="1" failures="0" timestamp="2020-06-28T23:15:05 IST" time="3.483" errors="0">
  <testcase name="EditFeature" time="3.483" classname="Edit"/>
</testsuite> <!-- Edit -->
