<?xml version="1.0" encoding="UTF-8"?>
<!-- Generated by org.testng.reporters.JUnitReportReporter -->
<testsuite skipped="0" hostname="hp640-i7-16-1-w10x64" name="RadioButton" tests="1" failures="0" timestamp="2020-06-30T08:34:51 IST" time="6.610" errors="0">
  <testcase name="RadiobuttonFeatures" time="6.610" classname="RadioButton"/>
</testsuite> <!-- RadioButton -->
