<?xml version="1.0" encoding="UTF-8"?>
<!-- Generated by org.testng.reporters.JUnitReportReporter -->
<testsuite skipped="0" hostname="hp640-i7-16-1-w10x64" name="Button" tests="1" failures="0" timestamp="2020-06-28T23:15:05 IST" time="9.764" errors="0">
  <testcase name="ButtonFeature" time="9.764" classname="Button"/>
</testsuite> <!-- Button -->
