<?xml version="1.0" encoding="UTF-8"?>
<!-- Generated by org.testng.reporters.JUnitReportReporter -->
<testsuite skipped="0" hostname="hp640-i7-16-1-w10x64" name="Base" tests="1" failures="0" timestamp="2020-06-22T00:21:06 IST" time="1.890" errors="0">
  <testcase name="Testcases1" time="1.890" classname="Base"/>
</testsuite> <!-- Base -->
