<?xml version="1.0" encoding="UTF-8"?>
<!-- Generated by org.testng.reporters.JUnitReportReporter -->
<testsuite skipped="0" hostname="hp640-i7-16-1-w10x64" name="HyperLink" tests="1" failures="0" timestamp="2020-06-29T00:08:05 IST" time="7.562" errors="0">
  <testcase name="HyperLinkFeature" time="7.562" classname="HyperLink"/>
</testsuite> <!-- HyperLink -->
