<?xml version="1.0" encoding="UTF-8"?>
<!-- Generated by org.testng.reporters.JUnitReportReporter -->
<testsuite skipped="0" hostname="hp640-i7-16-1-w10x64" name="dropdown" tests="1" failures="0" timestamp="2020-06-30T07:36:21 IST" time="3.047" errors="0">
  <testcase name="dropdownFeature" time="3.047" classname="dropdown"/>
</testsuite> <!-- dropdown -->
