<?xml version="1.0" encoding="UTF-8"?>
<!-- Generated by org.testng.reporters.JUnitReportReporter -->
<testsuite skipped="0" hostname="hp640-i7-16-1-w10x64" name="Checkbox" tests="1" failures="0" timestamp="2020-06-30T10:02:04 IST" time="21.944" errors="0">
  <testcase name="CheckBoxFeature" time="21.944" classname="Checkbox"/>
</testsuite> <!-- Checkbox -->
